<?xml version="1.0" encoding="UTF-8"?>
<testsuite xmlns:xsi="http://www.w3.org/2001/XMLSchema-instance" xsi:noNamespaceSchemaLocation="https://maven.apache.org/surefire/maven-surefire-plugin/xsd/surefire-test-report-3.0.xsd" version="3.0" name="com.auction.AppTest" time="0.519" tests="5" errors="0" skipped="0" failures="0">
  <properties>
[...]
</properties>
  <testcase name="testCreateUserValid" classname="com.auction.AppTest" time="0.1">
    <system-out><![CDATA[15:49:47,612 |-INFO in ch.qos.logback.classic.LoggerContext[default] - This is logback-classic version 1.4.11
15:49:47,617 |-INFO in ch.qos.logback.classic.util.ContextInitializer@b2c9a9c - No custom configurators were discovered as a service.
15:49:47,617 |-INFO in ch.qos.logback.classic.util.ContextInitializer@b2c9a9c - Trying to configure with ch.qos.logback.classic.joran.SerializedModelConfigurator
15:49:47,620 |-INFO in ch.qos.logback.classic.util.ContextInitializer@b2c9a9c - Constructed configurator of type class ch.qos.logback.classic.joran.SerializedModelConfigurator
15:49:47,625 |-INFO in ch.qos.logback.classic.LoggerContext[default] - Could NOT find resource [logback-test.scmo]
15:49:47,626 |-INFO in ch.qos.logback.classic.LoggerContext[default] - Could NOT find resource [logback.scmo]
15:49:47,634 |-INFO in ch.qos.logback.classic.util.ContextInitializer@b2c9a9c - ch.qos.logback.classic.joran.SerializedModelConfigurator.configure() call lasted 6 milliseconds. ExecutionStatus=INVOKE_NEXT_IF_ANY
15:49:47,634 |-INFO in ch.qos.logback.classic.util.ContextInitializer@b2c9a9c - Trying to configure with ch.qos.logback.classic.util.DefaultJoranConfigurator
15:49:47,635 |-INFO in ch.qos.logback.classic.util.ContextInitializer@b2c9a9c - Constructed configurator of type class ch.qos.logback.classic.util.DefaultJoranConfigurator
15:49:47,637 |-INFO in ch.qos.logback.classic.LoggerContext[default] - Could NOT find resource [logback-test.xml]
15:49:47,641 |-INFO in ch.qos.logback.classic.LoggerContext[default] - Found resource [logback.xml] at [file:/C:/Users/QUYNH/IdeaProjects/Le%20Quynh%20Anh_25023150_Week9/Bai09/target/classes/logback.xml]
15:49:47,838 |-WARN in ch.qos.logback.core.joran.action.ImplicitModelAction - Could not find parent model.
15:49:47,839 |-WARN in ch.qos.logback.core.joran.action.ImplicitModelAction -  Will not add current implicit model as subModel.
15:49:47,841 |-ERROR in ch.qos.logback.classic.joran.JoranConfigurator@4c178a76 - Could not find valid configuration instructions. Exiting.
15:49:47,841 |-INFO in ch.qos.logback.classic.util.ContextInitializer@b2c9a9c - ch.qos.logback.classic.util.DefaultJoranConfigurator.configure() call lasted 206 milliseconds. ExecutionStatus=DO_NOT_INVOKE_NEXT_IF_ANY

]]></system-out>
  </testcase>
  <testcase name="testFindUserNotFound" classname="com.auction.AppTest" time="0.01"/>
  <testcase name="testCreateUserEmptyName" classname="com.auction.AppTest" time="0.004"/>
  <testcase name="testParameterizedLogging" classname="com.auction.AppTest" time="0.007"/>
  <testcase name="testDeleteUserInvalidId" classname="com.auction.AppTest" time="0.013"/>
</testsuite>